{"/Users/yvesdarmaillac/Workspace/js/bubbles/src/ScaleHelper.js": {"path":"/Users/yvesdarmaillac/Workspace/js/bubbles/src/ScaleHelper.js","statementMap":{"0":{"start":{"line":5,"column":4},"end":{"line":5,"column":36}},"1":{"start":{"line":9,"column":22},"end":{"line":9,"column":48}},"2":{"start":{"line":10,"column":17},"end":{"line":10,"column":48}},"3":{"start":{"line":11,"column":17},"end":{"line":11,"column":48}},"4":{"start":{"line":12,"column":21},"end":{"line":12,"column":47}},"5":{"start":{"line":13,"column":4},"end":{"line":13,"column":54}},"6":{"start":{"line":17,"column":16},"end":{"line":17,"column":40}},"7":{"start":{"line":18,"column":17},"end":{"line":18,"column":41}},"8":{"start":{"line":19,"column":18},"end":{"line":19,"column":35}},"9":{"start":{"line":20,"column":18},"end":{"line":20,"column":35}},"10":{"start":{"line":21,"column":16},"end":{"line":21,"column":73}},"11":{"start":{"line":22,"column":4},"end":{"line":22,"column":53}},"12":{"start":{"line":22,"column":18},"end":{"line":22,"column":53}},"13":{"start":{"line":26,"column":39},"end":{"line":26,"column":82}},"14":{"start":{"line":27,"column":17},"end":{"line":27,"column":38}},"15":{"start":{"line":28,"column":16},"end":{"line":28,"column":107}},"16":{"start":{"line":29,"column":4},"end":{"line":29,"column":29}},"17":{"start":{"line":29,"column":18},"end":{"line":29,"column":29}},"18":{"start":{"line":33,"column":39},"end":{"line":33,"column":82}},"19":{"start":{"line":34,"column":17},"end":{"line":34,"column":38}},"20":{"start":{"line":35,"column":16},"end":{"line":35,"column":108}},"21":{"start":{"line":36,"column":4},"end":{"line":36,"column":29}},"22":{"start":{"line":36,"column":18},"end":{"line":36,"column":29}},"23":{"start":{"line":40,"column":17},"end":{"line":40,"column":42}},"24":{"start":{"line":41,"column":16},"end":{"line":41,"column":72}},"25":{"start":{"line":42,"column":4},"end":{"line":42,"column":33}},"26":{"start":{"line":42,"column":18},"end":{"line":42,"column":33}},"27":{"start":{"line":46,"column":19},"end":{"line":46,"column":39}},"28":{"start":{"line":47,"column":19},"end":{"line":47,"column":39}},"29":{"start":{"line":48,"column":4},"end":{"line":48,"column":31}},"30":{"start":{"line":52,"column":27},"end":{"line":52,"column":77}},"31":{"start":{"line":53,"column":20},"end":{"line":53,"column":32}},"32":{"start":{"line":54,"column":4},"end":{"line":54,"column":45}},"33":{"start":{"line":58,"column":29},"end":{"line":58,"column":58}},"34":{"start":{"line":59,"column":22},"end":{"line":59,"column":41}},"35":{"start":{"line":60,"column":22},"end":{"line":60,"column":41}},"36":{"start":{"line":61,"column":4},"end":{"line":61,"column":39}},"37":{"start":{"line":65,"column":17},"end":{"line":65,"column":23}},"38":{"start":{"line":67,"column":4},"end":{"line":70,"column":6}},"39":{"start":{"line":68,"column":6},"end":{"line":68,"column":54}},"40":{"start":{"line":68,"column":39},"end":{"line":68,"column":52}},"41":{"start":{"line":69,"column":6},"end":{"line":69,"column":54}},"42":{"start":{"line":69,"column":39},"end":{"line":69,"column":52}},"43":{"start":{"line":72,"column":4},"end":{"line":72,"column":51}}},"fnMap":{"0":{"name":"(anonymous_0)","decl":{"start":{"line":4,"column":2},"end":{"line":4,"column":3}},"loc":{"start":{"line":4,"column":29},"end":{"line":6,"column":3}},"line":4},"1":{"name":"(anonymous_1)","decl":{"start":{"line":8,"column":2},"end":{"line":8,"column":3}},"loc":{"start":{"line":8,"column":31},"end":{"line":14,"column":3}},"line":8},"2":{"name":"(anonymous_2)","decl":{"start":{"line":16,"column":2},"end":{"line":16,"column":3}},"loc":{"start":{"line":16,"column":25},"end":{"line":23,"column":3}},"line":16},"3":{"name":"(anonymous_3)","decl":{"start":{"line":22,"column":11},"end":{"line":22,"column":12}},"loc":{"start":{"line":22,"column":18},"end":{"line":22,"column":53}},"line":22},"4":{"name":"(anonymous_4)","decl":{"start":{"line":25,"column":2},"end":{"line":25,"column":3}},"loc":{"start":{"line":25,"column":30},"end":{"line":30,"column":3}},"line":25},"5":{"name":"(anonymous_5)","decl":{"start":{"line":29,"column":11},"end":{"line":29,"column":12}},"loc":{"start":{"line":29,"column":18},"end":{"line":29,"column":29}},"line":29},"6":{"name":"(anonymous_6)","decl":{"start":{"line":32,"column":2},"end":{"line":32,"column":3}},"loc":{"start":{"line":32,"column":30},"end":{"line":37,"column":3}},"line":32},"7":{"name":"(anonymous_7)","decl":{"start":{"line":36,"column":11},"end":{"line":36,"column":12}},"loc":{"start":{"line":36,"column":18},"end":{"line":36,"column":29}},"line":36},"8":{"name":"(anonymous_8)","decl":{"start":{"line":39,"column":2},"end":{"line":39,"column":3}},"loc":{"start":{"line":39,"column":25},"end":{"line":43,"column":3}},"line":39},"9":{"name":"(anonymous_9)","decl":{"start":{"line":42,"column":11},"end":{"line":42,"column":12}},"loc":{"start":{"line":42,"column":18},"end":{"line":42,"column":33}},"line":42},"10":{"name":"(anonymous_10)","decl":{"start":{"line":45,"column":2},"end":{"line":45,"column":3}},"loc":{"start":{"line":45,"column":31},"end":{"line":49,"column":3}},"line":45},"11":{"name":"(anonymous_11)","decl":{"start":{"line":51,"column":2},"end":{"line":51,"column":3}},"loc":{"start":{"line":51,"column":23},"end":{"line":55,"column":3}},"line":51},"12":{"name":"(anonymous_12)","decl":{"start":{"line":57,"column":2},"end":{"line":57,"column":3}},"loc":{"start":{"line":57,"column":47},"end":{"line":62,"column":3}},"line":57},"13":{"name":"(anonymous_13)","decl":{"start":{"line":64,"column":2},"end":{"line":64,"column":3}},"loc":{"start":{"line":64,"column":28},"end":{"line":73,"column":3}},"line":64},"14":{"name":"(anonymous_14)","decl":{"start":{"line":67,"column":19},"end":{"line":67,"column":20}},"loc":{"start":{"line":67,"column":33},"end":{"line":70,"column":5}},"line":67}},"branchMap":{"0":{"loc":{"start":{"line":68,"column":6},"end":{"line":68,"column":54}},"type":"if","locations":[{"start":{"line":68,"column":6},"end":{"line":68,"column":54}},{"start":{"line":68,"column":6},"end":{"line":68,"column":54}}],"line":68},"1":{"loc":{"start":{"line":69,"column":6},"end":{"line":69,"column":54}},"type":"if","locations":[{"start":{"line":69,"column":6},"end":{"line":69,"column":54}},{"start":{"line":69,"column":6},"end":{"line":69,"column":54}}],"line":69}},"s":{"0":10,"1":1,"2":1,"3":1,"4":1,"5":1,"6":5,"7":5,"8":5,"9":5,"10":5,"11":5,"12":18,"13":2,"14":2,"15":2,"16":2,"17":6,"18":2,"19":2,"20":2,"21":2,"22":6,"23":2,"24":2,"25":2,"26":6,"27":12,"28":12,"29":12,"30":6,"31":6,"32":6,"33":5,"34":5,"35":5,"36":5,"37":6,"38":6,"39":20,"40":5,"41":20,"42":4,"43":6},"f":{"0":10,"1":1,"2":5,"3":18,"4":2,"5":6,"6":2,"7":6,"8":2,"9":6,"10":12,"11":6,"12":5,"13":6,"14":20},"b":{"0":[5,15],"1":[4,16]},"_coverageSchema":"332fd63041d2c1bcb487cc26dd0d5f7d97098a6c","hash":"26f870fd8720a0d5129d9f42c738f38a3064505c"}
}
