TN:
SF:/Users/yvesdarmaillac/Workspace/js/bubbles/src/ScaleHelper.js
FN:4,(anonymous_0)
FN:8,(anonymous_1)
FN:16,(anonymous_2)
FN:22,(anonymous_3)
FN:25,(anonymous_4)
FN:29,(anonymous_5)
FN:32,(anonymous_6)
FN:36,(anonymous_7)
FN:39,(anonymous_8)
FN:42,(anonymous_9)
FN:45,(anonymous_10)
FN:51,(anonymous_11)
FN:57,(anonymous_12)
FN:64,(anonymous_13)
FN:67,(anonymous_14)
FNF:15
FNH:15
FNDA:10,(anonymous_0)
FNDA:1,(anonymous_1)
FNDA:5,(anonymous_2)
FNDA:18,(anonymous_3)
FNDA:2,(anonymous_4)
FNDA:6,(anonymous_5)
FNDA:2,(anonymous_6)
FNDA:6,(anonymous_7)
FNDA:2,(anonymous_8)
FNDA:6,(anonymous_9)
FNDA:12,(anonymous_10)
FNDA:6,(anonymous_11)
FNDA:5,(anonymous_12)
FNDA:6,(anonymous_13)
FNDA:20,(anonymous_14)
DA:5,10
DA:9,1
DA:10,1
DA:11,1
DA:12,1
DA:13,1
DA:17,5
DA:18,5
DA:19,5
DA:20,5
DA:21,5
DA:22,18
DA:26,2
DA:27,2
DA:28,2
DA:29,6
DA:33,2
DA:34,2
DA:35,2
DA:36,6
DA:40,2
DA:41,2
DA:42,6
DA:46,12
DA:47,12
DA:48,12
DA:52,6
DA:53,6
DA:54,6
DA:58,5
DA:59,5
DA:60,5
DA:61,5
DA:65,6
DA:67,6
DA:68,20
DA:69,20
DA:72,6
LF:38
LH:38
BRDA:68,0,0,5
BRDA:68,0,1,15
BRDA:69,1,0,4
BRDA:69,1,1,16
BRF:4
BRH:4
end_of_record
